Arguments: 
  C:\Program Files\nodejs\node.exe C:\Program Files (x86)\Yarn\bin\yarn.js run build:types

PATH: 
  C:\Program Files\Common Files\Oracle\Java\javapath;C:\WINDOWS\system32;C:\WINDOWS;C:\WINDOWS\System32\Wbem;C:\WINDOWS\System32\WindowsPowerShell\v1.0\;C:\WINDOWS\System32\OpenSSH\;C:\Program Files\dotnet\;C:\Program Files\Microsoft SQL Server\130\Tools\Binn\;C:\Program Files\Microsoft SQL Server\Client SDK\ODBC\170\Tools\Binn\;C:\Program Files (x86)\Microsoft SQL Server\150\Tools\Binn\;C:\Program Files\Microsoft SQL Server\150\Tools\Binn\;C:\Program Files (x86)\Microsoft SQL Server\150\DTS\Binn\;C:\Program Files\Microsoft SQL Server\150\DTS\Binn\;C:\Program Files (x86)\dotnet\;C:\Program Files (x86)\Microsoft SQL Server\110\DTS\Binn\;C:\Program Files (x86)\Microsoft SQL Server\120\DTS\Binn\;C:\Program Files (x86)\Microsoft SQL Server\130\DTS\Binn\;C:\Program Files (x86)\Microsoft SQL Server\140\DTS\Binn\;C:\Program Files\Git\cmd;C:\Program Files (x86)\Yarn\bin\;C:\Program Files\OpenVPN\bin;C:\Program Files\Azure Data Studio\bin;C:\Program Files\nodejs\;C:\Users\feng\scoop\shims;C:\Ruby23-x64\bin;C:\Users\feng\AppData\Local\Microsoft\WindowsApps;C:\Users\feng\AppData\Local\Programs\Microsoft VS Code\bin;C:\Users\feng\.dotnet\tools;C:\Users\feng\.dotnet\tools;C:\Users\feng\AppData\Local\Programs\Fiddler;C:\Program Files\Java\jdk1.8.0_181\bin;C:\Users\feng\AppData\Local\Android\Sdk\platform-tools;C:\Users\feng\AppData\Local\Android\Sdk\emulator;C:\Users\feng\AppData\Local\Android\Sdk\tools;C:\Users\feng\AppData\Local\Android\Sdk\tools\bin;C:\Program Files\Java\jdk1.8.0_181\jre\bin;C:\Users\feng\AppData\Local\Yarn\bin;C:\Users\feng\.dotnet\tools;C:\Program Files (x86)\Rico Suter\NSwagStudio\;C:\Program Files\Azure Data Studio\bin;C:\Users\feng\AppData\Roaming\npm;C:\Users\feng\.dotnet\tools

Yarn version: 
  1.22.5

Node version: 
  16.8.0

Platform: 
  win32 x64

Trace: 
  SyntaxError: D:\itemSource\vue3-cron\package.json: Unexpected token } in JSON at position 437
      at JSON.parse (<anonymous>)
      at C:\Program Files (x86)\Yarn\lib\cli.js:1625:59
      at Generator.next (<anonymous>)
      at step (C:\Program Files (x86)\Yarn\lib\cli.js:310:30)
      at C:\Program Files (x86)\Yarn\lib\cli.js:321:13

npm manifest: 
  {
    "name": "vue3-cron-antv",
    "files": [
      "dist"
    ],
    "main": "packages/index.js",
    "module": "dist/vue3-cron.es.js",
    "exports": {
      ".": {
        "import": "./dist/vue3-cron.es.js",
        "require": "./dist/vue3-cron.umd.js"
      }
    },
    "version": "0.0.2",
    "scripts": {
      "dev": "vite",
      "build": "vue-tsc --noEmit && vite build",
      "serve": "vite preview",
      "build:types": "tsc && tsc --declarationDir ./es",
    },
    "dependencies": {
      "ant-design-vue": "^2.2.8",
      "vue": "^3.2.13"
    },
    "devDependencies": {
      "@vitejs/plugin-vue": "^1.9.0",
      "less": "^4.1.1",
      "typescript": "^4.4.3",
      "unplugin-vue-components": "^0.15.4",
      "vite": "^2.5.10",
      "vite-plugin-dts": "^0.8.1",
      "vite-plugin-style-import": "^1.2.1",
      "vue-tsc": "^0.3.0"
    }
  }

yarn manifest: 
  No manifest

Lockfile: 
  # THIS IS AN AUTOGENERATED FILE. DO NOT EDIT THIS FILE DIRECTLY.
  # yarn lockfile v1
  
  
  "@ant-design/colors@^5.0.0":
    version "5.1.1"
    resolved "https://registry.nlark.com/@ant-design/colors/download/@ant-design/colors-5.1.1.tgz"
    integrity sha1-gAshhrHifmZDLmfQPtlq8+IdiUA=
    dependencies:
      "@ctrl/tinycolor" "^3.3.1"
  
  "@ant-design/icons-svg@^4.0.0":
    version "4.2.1"
    resolved "https://registry.npmmirror.com/@ant-design/icons-svg/download/@ant-design/icons-svg-4.2.1.tgz?cache=0&sync_timestamp=1632478211055&other_urls=https%3A%2F%2Fregistry.npmmirror.com%2F%40ant-design%2Ficons-svg%2Fdownload%2F%40ant-design%2Ficons-svg-4.2.1.tgz"
    integrity sha1-hjDajrRHGkqr2u19H/apfcss8Fo=
  
  "@ant-design/icons-vue@^6.0.0":
    version "6.0.1"
    resolved "https://registry.nlark.com/@ant-design/icons-vue/download/@ant-design/icons-vue-6.0.1.tgz"
    integrity sha1-nYBMPHTSz6+XyxjlgtO5QAk09f0=
    dependencies:
      "@ant-design/colors" "^5.0.0"
      "@ant-design/icons-svg" "^4.0.0"
      "@types/lodash" "^4.14.165"
      lodash "^4.17.15"
  
  "@antfu/utils@^0.3.0":
    version "0.3.0"
    resolved "https://registry.nlark.com/@antfu/utils/download/@antfu/utils-0.3.0.tgz"
    integrity sha1-YwbEO1Kog72Olz4+2N1kJIQYvMQ=
    dependencies:
      "@types/throttle-debounce" "^2.1.0"
  
  "@babel/helper-validator-identifier@^7.14.9":
    version "7.15.7"
    resolved "https://registry.nlark.com/@babel/helper-validator-identifier/download/@babel/helper-validator-identifier-7.15.7.tgz?cache=0&sync_timestamp=1631920000984&other_urls=https%3A%2F%2Fregistry.nlark.com%2F%40babel%2Fhelper-validator-identifier%2Fdownload%2F%40babel%2Fhelper-validator-identifier-7.15.7.tgz"
    integrity sha1-Ig35k7/pBKSmsCq08zhaXr9uI4k=
  
  "@babel/parser@^7.15.0", "@babel/parser@^7.6.0", "@babel/parser@^7.9.6":
    version "7.15.7"
    resolved "https://registry.nlark.com/@babel/parser/download/@babel/parser-7.15.7.tgz"
    integrity sha1-DD7UousHsWXfqFs8xFxyczTE7a4=
  
  "@babel/runtime@^7.10.5":
    version "7.15.4"
    resolved "https://registry.nlark.com/@babel/runtime/download/@babel/runtime-7.15.4.tgz?cache=0&sync_timestamp=1630618785994&other_urls=https%3A%2F%2Fregistry.nlark.com%2F%40babel%2Fruntime%2Fdownload%2F%40babel%2Fruntime-7.15.4.tgz"
    integrity sha1-/RfRa/34eObdAtGXU6OfqKjZyEo=
    dependencies:
      regenerator-runtime "^0.13.4"
  
  "@babel/types@^7.6.1", "@babel/types@^7.9.6":
    version "7.15.6"
    resolved "https://registry.nlark.com/@babel/types/download/@babel/types-7.15.6.tgz"
    integrity sha1-mavcSCGLKIHAWN0KerBbmcm+dY8=
    dependencies:
      "@babel/helper-validator-identifier" "^7.14.9"
      to-fast-properties "^2.0.0"
  
  "@ctrl/tinycolor@^3.3.1":
    version "3.4.0"
    resolved "https://registry.nlark.com/@ctrl/tinycolor/download/@ctrl/tinycolor-3.4.0.tgz"
    integrity sha1-w8WuVDyJfKqcKmhjC+01W+X5mQ8=
  
  "@emmetio/abbreviation@^2.2.2":
    version "2.2.2"
    resolved "https://registry.nlark.com/@emmetio/abbreviation/download/@emmetio/abbreviation-2.2.2.tgz"
    integrity sha1-dGdi/Z56jC6mBPWAxi48/iUOaYk=
    dependencies:
      "@emmetio/scanner" "^1.0.0"
  
  "@emmetio/css-abbreviation@^2.1.4":
    version "2.1.4"
    resolved "https://registry.nlark.com/@emmetio/css-abbreviation/download/@emmetio/css-abbreviation-2.1.4.tgz"
    integrity sha1-kDYuihEizjt29sMVeQfTAYL1P1Q=
    dependencies:
      "@emmetio/scanner" "^1.0.0"
  
  "@emmetio/scanner@^1.0.0":
    version "1.0.0"
    resolved "https://registry.nlark.com/@emmetio/scanner/download/@emmetio/scanner-1.0.0.tgz"
    integrity sha1-Blsq9iM/50dNRII+PeuJckr0K18=
  
  "@nodelib/fs.scandir@2.1.5":
    version "2.1.5"
    resolved "https://registry.nlark.com/@nodelib/fs.scandir/download/@nodelib/fs.scandir-2.1.5.tgz"
    integrity sha1-dhnC6yGyVIP20WdUi0z9WnSIw9U=
    dependencies:
      "@nodelib/fs.stat" "2.0.5"
      run-parallel "^1.1.9"
  
  "@nodelib/fs.stat@2.0.5", "@nodelib/fs.stat@^2.0.2":
    version "2.0.5"
    resolved "https://registry.nlark.com/@nodelib/fs.stat/download/@nodelib/fs.stat-2.0.5.tgz?cache=0&sync_timestamp=1622792655362&other_urls=https%3A%2F%2Fregistry.nlark.com%2F%40nodelib%2Ffs.stat%2Fdownload%2F%40nodelib%2Ffs.stat-2.0.5.tgz"
    integrity sha1-W9Jir5Tp0lvR5xsF3u1Eh2oiLos=
  
  "@nodelib/fs.walk@^1.2.3":
    version "1.2.8"
    resolved "https://registry.nlark.com/@nodelib/fs.walk/download/@nodelib/fs.walk-1.2.8.tgz?cache=0&sync_timestamp=1625769815389&other_urls=https%3A%2F%2Fregistry.nlark.com%2F%40nodelib%2Ffs.walk%2Fdownload%2F%40nodelib%2Ffs.walk-1.2.8.tgz"
    integrity sha1-6Vc36LtnRt3t9pxVaVNJTxlv5po=
    dependencies:
      "@nodelib/fs.scandir" "2.1.5"
      fastq "^1.6.0"
  
  "@rollup/pluginutils@^4.1.1":
    version "4.1.1"
    resolved "https://registry.nlark.com/@rollup/pluginutils/download/@rollup/pluginutils-4.1.1.tgz?cache=0&sync_timestamp=1626393703548&other_urls=https%3A%2F%2Fregistry.nlark.com%2F%40rollup%2Fpluginutils%2Fdownload%2F%40rollup%2Fpluginutils-4.1.1.tgz"
    integrity sha1-HU2obdTt7RVlalfZM/2iuaCNR+w=
    dependencies:
      estree-walker "^2.0.1"
      picomatch "^2.2.2"
  
  "@simonwep/pickr@~1.8.0":
    version "1.8.2"
    resolved "https://registry.nlark.com/@simonwep/pickr/download/@simonwep/pickr-1.8.2.tgz"
    integrity sha1-ltyGZ1lA18rWPWnCIIPdHLuXl8s=
    dependencies:
      core-js "^3.15.1"
      nanopop "^2.1.0"
  
  "@ts-morph/common@~0.10.1":
    version "0.10.1"
    resolved "https://registry.nlark.com/@ts-morph/common/download/@ts-morph/common-0.10.1.tgz"
    integrity sha1-vhW5qxOjK7wfamvX3AVrIkeycus=
    dependencies:
      fast-glob "^3.2.5"
      minimatch "^3.0.4"
      mkdirp "^1.0.4"
      path-browserify "^1.0.1"
  
  "@types/lodash@^4.14.165":
    version "4.14.174"
    resolved "https://registry.npmmirror.com/@types/lodash/download/@types/lodash-4.14.174.tgz"
    integrity sha1-tLBrbs7ZhQ7ta2qPGr3Q9RkoA8E=
  
  "@types/throttle-debounce@^2.1.0":
    version "2.1.0"
    resolved "https://registry.nlark.com/@types/throttle-debounce/download/@types/throttle-debounce-2.1.0.tgz"
    integrity sha1-HD32JL/Eti+ZLTASuExW1B6rN3Y=
  
  "@vitejs/plugin-vue@^1.9.0":
    version "1.9.2"
    resolved "https://registry.npmmirror.com/@vitejs/plugin-vue/download/@vitejs/plugin-vue-1.9.2.tgz"
    integrity sha1-cjTvuMPD1gx+rDUKk1B0qxggrg4=
  
  "@volar/code-gen@^0.27.24":
    version "0.27.24"
    resolved "https://registry.npmmirror.com/@volar/code-gen/download/@volar/code-gen-0.27.24.tgz?cache=0&sync_timestamp=1632377710960&other_urls=https%3A%2F%2Fregistry.npmmirror.com%2F%40volar%2Fcode-gen%2Fdownload%2F%40volar%2Fcode-gen-0.27.24.tgz"
    integrity sha1-zNvoWJUcHuTgw5eSMtUkEtxGdWo=
    dependencies:
      "@volar/shared" "^0.27.24"
      "@volar/source-map" "^0.27.24"
  
  "@volar/html2pug@^0.27.13":
    version "0.27.13"
    resolved "https://registry.nlark.com/@volar/html2pug/download/@volar/html2pug-0.27.13.tgz"
    integrity sha1-SN+nPs8e8ZVaAqBG0MiIRZUPrIU=
    dependencies:
      domelementtype "^2.2.0"
      domhandler "^4.2.0"
      htmlparser2 "^6.1.0"
      pug "^3.0.2"
  
  "@volar/shared@^0.27.24":
    version "0.27.24"
    resolved "https://registry.npmmirror.com/@volar/shared/download/@volar/shared-0.27.24.tgz?cache=0&sync_timestamp=1632377709734&other_urls=https%3A%2F%2Fregistry.npmmirror.com%2F%40volar%2Fshared%2Fdownload%2F%40volar%2Fshared-0.27.24.tgz"
    integrity sha1-ozRX7IrAsNNn7VTJ4hkTpfjC1sI=
    dependencies:
      upath "^2.0.1"
      vscode-jsonrpc "^8.0.0-next.2"
      vscode-uri "^3.0.2"
  
  "@volar/source-map@^0.27.24":
    version "0.27.24"
    resolved "https://registry.npmmirror.com/@volar/source-map/download/@volar/source-map-0.27.24.tgz?cache=0&sync_timestamp=1632377710809&other_urls=https%3A%2F%2Fregistry.npmmirror.com%2F%40volar%2Fsource-map%2Fdownload%2F%40volar%2Fsource-map-0.27.24.tgz"
    integrity sha1-YPLgcMFpvoLL9/+ilqMMKCPFIF8=
    dependencies:
      "@volar/shared" "^0.27.24"
  
  "@volar/transforms@^0.27.24":
    version "0.27.24"
    resolved "https://registry.npmmirror.com/@volar/transforms/download/@volar/transforms-0.27.24.tgz?cache=0&sync_timestamp=1632377710981&other_urls=https%3A%2F%2Fregistry.npmmirror.com%2F%40volar%2Ftransforms%2Fdownload%2F%40volar%2Ftransforms-0.27.24.tgz"
    integrity sha1-aOvFPcouNohOJHwIZuw9JO2BV4Q=
    dependencies:
      "@volar/shared" "^0.27.24"
      vscode-languageserver "^8.0.0-next.2"
  
  "@vscode/emmet-helper@^2.7.0":
    version "2.7.0"
    resolved "https://registry.nlark.com/@vscode/emmet-helper/download/@vscode/emmet-helper-2.7.0.tgz?cache=0&sync_timestamp=1629028900459&other_urls=https%3A%2F%2Fregistry.nlark.com%2F%40vscode%2Femmet-helper%2Fdownload%2F%40vscode%2Femmet-helper-2.7.0.tgz"
    integrity sha1-PbSF9qZQGW/4u9OLobnkaOyNIvg=
    dependencies:
      emmet "^2.3.0"
      jsonc-parser "^2.3.0"
      vscode-languageserver-textdocument "^1.0.1"
      vscode-languageserver-types "^3.15.1"
      vscode-nls "^5.0.0"
      vscode-uri "^2.1.2"
  
  "@vue/compiler-core@3.2.19":
    version "3.2.19"
    resolved "https://registry.npmmirror.com/@vue/compiler-core/download/@vue/compiler-core-3.2.19.tgz"
    integrity sha1-tTfdN3zlH9tk6bMOv7/3zXCmTLk=
    dependencies:
      "@babel/parser" "^7.15.0"
      "@vue/shared" "3.2.19"
      estree-walker "^2.0.2"
      source-map "^0.6.1"
  
  "@vue/compiler-dom@3.2.19", "@vue/compiler-dom@^3.2.19":
    version "3.2.19"
    resolved "https://registry.npmmirror.com/@vue/compiler-dom/download/@vue/compiler-dom-3.2.19.tgz"
    integrity sha1-Bge8kN5q9V/ec7CbPE0L+MtZftg=
    dependencies:
      "@vue/compiler-core" "3.2.19"
      "@vue/shared" "3.2.19"
  
  "@vue/compiler-sfc@3.2.19":
    version "3.2.19"
    resolved "https://registry.npmmirror.com/@vue/compiler-sfc/download/@vue/compiler-sfc-3.2.19.tgz"
    integrity sha1-1BIZWpjr1JuEYC8XFxkpSh2VSb4=
    dependencies:
      "@babel/parser" "^7.15.0"
      "@vue/compiler-core" "3.2.19"
      "@vue/compiler-dom" "3.2.19"
      "@vue/compiler-ssr" "3.2.19"
      "@vue/ref-transform" "3.2.19"
      "@vue/shared" "3.2.19"
      estree-walker "^2.0.2"
      magic-string "^0.25.7"
      postcss "^8.1.10"
      source-map "^0.6.1"
  
  "@vue/compiler-ssr@3.2.19":
    version "3.2.19"
    resolved "https://registry.npmmirror.com/@vue/compiler-ssr/download/@vue/compiler-ssr-3.2.19.tgz"
    integrity sha1-PpHs9w+PlhxfY+rNITm82rmnoHw=
    dependencies:
      "@vue/compiler-dom" "3.2.19"
      "@vue/shared" "3.2.19"
  
  "@vue/reactivity@3.2.19", "@vue/reactivity@^3.2.19":
    version "3.2.19"
    resolved "https://registry.npmmirror.com/@vue/reactivity/download/@vue/reactivity-3.2.19.tgz"
    integrity sha1-/G4PAQbylSJoNc/tX/X4TZJ76mU=
    dependencies:
      "@vue/shared" "3.2.19"
  
  "@vue/ref-transform@3.2.19":
    version "3.2.19"
    resolved "https://registry.npmmirror.com/@vue/ref-transform/download/@vue/ref-transform-3.2.19.tgz"
    integrity sha1-zw+YZIa7JoOPvQl0npJ7qxl0VgA=
    dependencies:
      "@babel/parser" "^7.15.0"
      "@vue/compiler-core" "3.2.19"
      "@vue/shared" "3.2.19"
      estree-walker "^2.0.2"
      magic-string "^0.25.7"
  
  "@vue/runtime-core@3.2.19":
    version "3.2.19"
    resolved "https://registry.npmmirror.com/@vue/runtime-core/download/@vue/runtime-core-3.2.19.tgz"
    integrity sha1-gHcVt/RyiruE+kqO/b432N20xtM=
    dependencies:
      "@vue/reactivity" "3.2.19"
      "@vue/shared" "3.2.19"
  
  "@vue/runtime-dom@3.2.19":
    version "3.2.19"
    resolved "https://registry.npmmirror.com/@vue/runtime-dom/download/@vue/runtime-dom-3.2.19.tgz"
    integrity sha1-fov2RXVHA+Ng+hMuS+kRPt8jd7s=
    dependencies:
      "@vue/runtime-core" "3.2.19"
      "@vue/shared" "3.2.19"
      csstype "^2.6.8"
  
  "@vue/server-renderer@3.2.19":
    version "3.2.19"
    resolved "https://registry.npmmirror.com/@vue/server-renderer/download/@vue/server-renderer-3.2.19.tgz"
    integrity sha1-hwvOyffNruDCGHoWm25jarQ2L7E=
    dependencies:
      "@vue/compiler-ssr" "3.2.19"
      "@vue/shared" "3.2.19"
  
  "@vue/shared@3.2.19", "@vue/shared@^3.2.19":
    version "3.2.19"
    resolved "https://registry.npmmirror.com/@vue/shared/download/@vue/shared-3.2.19.tgz"
    integrity sha1-ER7D2hgzfYYnREaYTEmSWxsrLdc=
  
  acorn@^7.1.1:
    version "7.4.1"
    resolved "https://registry.nlark.com/acorn/download/acorn-7.4.1.tgz?cache=0&sync_timestamp=1630916517167&other_urls=https%3A%2F%2Fregistry.nlark.com%2Facorn%2Fdownload%2Facorn-7.4.1.tgz"
    integrity sha1-/q7SVZc9LndVW4PbwIhRpsY1IPo=
  
  ant-design-vue@^2.2.8:
    version "2.2.8"
    resolved "https://registry.npmmirror.com/ant-design-vue/download/ant-design-vue-2.2.8.tgz?cache=0&sync_timestamp=1632463838685&other_urls=https%3A%2F%2Fregistry.npmmirror.com%2Fant-design-vue%2Fdownload%2Fant-design-vue-2.2.8.tgz"
    integrity sha1-+ofPaELY7poNivOT/0CZ7MQHLys=
    dependencies:
      "@ant-design/icons-vue" "^6.0.0"
      "@babel/runtime" "^7.10.5"
      "@simonwep/pickr" "~1.8.0"
      array-tree-filter "^2.1.0"
      async-validator "^3.3.0"
      dom-align "^1.12.1"
      dom-scroll-into-view "^2.0.0"
      lodash "^4.17.21"
      lodash-es "^4.17.15"
      moment "^2.27.0"
      omit.js "^2.0.0"
      resize-observer-polyfill "^1.5.1"
      scroll-into-view-if-needed "^2.2.25"
      shallow-equal "^1.0.0"
      vue-types "^3.0.0"
      warning "^4.0.0"
  
  anymatch@~3.1.2:
    version "3.1.2"
    resolved "https://registry.nlark.com/anymatch/download/anymatch-3.1.2.tgz"
    integrity sha1-wFV8CWrzLxBhmPT04qODU343hxY=
    dependencies:
      normalize-path "^3.0.0"
      picomatch "^2.0.4"
  
  array-tree-filter@^2.1.0:
    version "2.1.0"
    resolved "https://registry.nlark.com/array-tree-filter/download/array-tree-filter-2.1.0.tgz"
    integrity sha1-hzrAD+yDdJ8lWsjdCDgUtPYykZA=
  
  asap@~2.0.3:
    version "2.0.6"
    resolved "https://registry.nlark.com/asap/download/asap-2.0.6.tgz"
    integrity sha1-5QNHYR1+aQlDIIu9r+vLwvuGbUY=
  
  assert-never@^1.2.1:
    version "1.2.1"
    resolved "https://registry.npm.taobao.org/assert-never/download/assert-never-1.2.1.tgz"
    integrity sha1-EfDjY78UYgX7CBk7XHuQ9NHPRP4=
  
  async-validator@^3.3.0:
    version "3.5.2"
    resolved "https://registry.nlark.com/async-validator/download/async-validator-3.5.2.tgz?cache=0&sync_timestamp=1630393210134&other_urls=https%3A%2F%2Fregistry.nlark.com%2Fasync-validator%2Fdownload%2Fasync-validator-3.5.2.tgz"
    integrity sha1-aOhmqWgk6LJpT/eoMcGiXETV5QA=
  
  babel-walk@3.0.0-canary-5:
    version "3.0.0-canary-5"
    resolved "https://registry.npm.taobao.org/babel-walk/download/babel-walk-3.0.0-canary-5.tgz"
    integrity sha1-9m7Ncpg1eu5ElV8jWm71QhkQSxE=
    dependencies:
      "@babel/types" "^7.9.6"
  
  balanced-match@^1.0.0:
    version "1.0.2"
    resolved "https://registry.npm.taobao.org/balanced-match/download/balanced-match-1.0.2.tgz"
    integrity sha1-6D46fj8wCzTLnYf2FfoMvzV2kO4=
  
  binary-extensions@^2.0.0:
    version "2.2.0"
    resolved "https://registry.nlark.com/binary-extensions/download/binary-extensions-2.2.0.tgz"
    integrity sha1-dfUC7q+f/eQvyYgpZFvk6na9ni0=
  
  brace-expansion@^1.1.7:
    version "1.1.11"
    resolved "https://registry.nlark.com/brace-expansion/download/brace-expansion-1.1.11.tgz"
    integrity sha1-PH/L9SnYcibz0vUrlm/1Jx60Qd0=
    dependencies:
      balanced-match "^1.0.0"
      concat-map "0.0.1"
  
  braces@^3.0.1, braces@~3.0.2:
    version "3.0.2"
    resolved "https://registry.nlark.com/braces/download/braces-3.0.2.tgz"
    integrity sha1-NFThpGLujVmeI23zNs2epPiv4Qc=
    dependencies:
      fill-range "^7.0.1"
  
  call-bind@^1.0.2:
    version "1.0.2"
    resolved "https://registry.nlark.com/call-bind/download/call-bind-1.0.2.tgz"
    integrity sha1-sdTonmiBGcPJqQOtMKuy9qkZvjw=
    dependencies:
      function-bind "^1.1.1"
      get-intrinsic "^1.0.2"
  
  camel-case@^4.1.2:
    version "4.1.2"
    resolved "https://registry.npm.taobao.org/camel-case/download/camel-case-4.1.2.tgz"
    integrity sha1-lygHKpVPgFIoIlpt7qazhGHhvVo=
    dependencies:
      pascal-case "^3.1.2"
      tslib "^2.0.3"
  
  capital-case@^1.0.4:
    version "1.0.4"
    resolved "https://registry.npm.taobao.org/capital-case/download/capital-case-1.0.4.tgz"
    integrity sha1-nRMCkjU8kkn2sA+lhSvuOKcX5mk=
    dependencies:
      no-case "^3.0.4"
      tslib "^2.0.3"
      upper-case-first "^2.0.2"
  
  change-case@^4.1.2:
    version "4.1.2"
    resolved "https://registry.nlark.com/change-case/download/change-case-4.1.2.tgz"
    integrity sha1-/t/F8TYEXiOYwEEO5EH5VwRkHhI=
    dependencies:
      camel-case "^4.1.2"
      capital-case "^1.0.4"
      constant-case "^3.0.4"
      dot-case "^3.0.4"
      header-case "^2.0.4"
      no-case "^3.0.4"
      param-case "^3.0.4"
      pascal-case "^3.1.2"
      path-case "^3.0.4"
      sentence-case "^3.0.4"
      snake-case "^3.0.4"
      tslib "^2.0.3"
  
  character-parser@^2.2.0:
    version "2.2.0"
    resolved "https://registry.nlark.com/character-parser/download/character-parser-2.2.0.tgz"
    integrity sha1-x84o821LzZdE5f/CxfzeHHMmH8A=
    dependencies:
      is-regex "^1.0.3"
  
  chokidar@^3.5.2:
    version "3.5.2"
    resolved "https://registry.nlark.com/chokidar/download/chokidar-3.5.2.tgz?cache=0&sync_timestamp=1623763535523&other_urls=https%3A%2F%2Fregistry.nlark.com%2Fchokidar%2Fdownload%2Fchokidar-3.5.2.tgz"
    integrity sha1-26OXb8rbAW9m/TZQIdkWANAcHnU=
    dependencies:
      anymatch "~3.1.2"
      braces "~3.0.2"
      glob-parent "~5.1.2"
      is-binary-path "~2.1.0"
      is-glob "~4.0.1"
      normalize-path "~3.0.0"
      readdirp "~3.6.0"
    optionalDependencies:
      fsevents "~2.3.2"
  
  code-block-writer@^10.1.1:
    version "10.1.1"
    resolved "https://registry.npm.taobao.org/code-block-writer/download/code-block-writer-10.1.1.tgz"
    integrity sha1-rVaE7Uv7KweDyLExKBroTuZApC8=
  
  compute-scroll-into-view@^1.0.17:
    version "1.0.17"
    resolved "https://registry.nlark.com/compute-scroll-into-view/download/compute-scroll-into-view-1.0.17.tgz"
    integrity sha1-aojxis2dQunPS6pr7H4FImB6t6s=
  
  concat-map@0.0.1:
    version "0.0.1"
    resolved "https://registry.nlark.com/concat-map/download/concat-map-0.0.1.tgz"
    integrity sha1-2Klr13/Wjfd5OnMDajug1UBdR3s=
  
  constant-case@^3.0.4:
    version "3.0.4"
    resolved "https://registry.npm.taobao.org/constant-case/download/constant-case-3.0.4.tgz"
    integrity sha1-O4Sprq9M8x7EXmv13pG9+wWJ+vE=
    dependencies:
      no-case "^3.0.4"
      tslib "^2.0.3"
      upper-case "^2.0.2"
  
  constantinople@^4.0.1:
    version "4.0.1"
    resolved "https://registry.npm.taobao.org/constantinople/download/constantinople-4.0.1.tgz"
    integrity sha1-De8RP6Dk3I3oMzGlz3nIsyUhMVE=
    dependencies:
      "@babel/parser" "^7.6.0"
      "@babel/types" "^7.6.1"
  
  copy-anything@^2.0.1:
    version "2.0.3"
    resolved "https://registry.nlark.com/copy-anything/download/copy-anything-2.0.3.tgz"
    integrity sha1-hCQHugJGaw34RIGbvjuuu+XUXYc=
    dependencies:
      is-what "^3.12.0"
  
  core-js@^3.15.1:
    version "3.18.0"
    resolved "https://registry.nlark.com/core-js/download/core-js-3.18.0.tgz?cache=0&sync_timestamp=1632078308388&other_urls=https%3A%2F%2Fregistry.nlark.com%2Fcore-js%2Fdownload%2Fcore-js-3.18.0.tgz"
    integrity sha1-mvP0pt+bo0KKP7GxcfFQOz9AzEk=
  
  csstype@^2.6.8:
    version "2.6.18"
    resolved "https://registry.nlark.com/csstype/download/csstype-2.6.18.tgz?cache=0&sync_timestamp=1631540658518&other_urls=https%3A%2F%2Fregistry.nlark.com%2Fcsstype%2Fdownload%2Fcsstype-2.6.18.tgz"
    integrity sha1-mAqLUwhfNK8xNBCvBk8r0kF4Qhg=
  
  debug@^3.2.6:
    version "3.2.7"
    resolved "https://registry.nlark.com/debug/download/debug-3.2.7.tgz?cache=0&sync_timestamp=1625374675284&other_urls=https%3A%2F%2Fregistry.nlark.com%2Fdebug%2Fdownload%2Fdebug-3.2.7.tgz"
    integrity sha1-clgLfpFF+zm2Z2+cXl+xALk0F5o=
    dependencies:
      ms "^2.1.1"
  
  debug@^4.3.2:
    version "4.3.2"
    resolved "https://registry.nlark.com/debug/download/debug-4.3.2.tgz?cache=0&sync_timestamp=1625374675284&other_urls=https%3A%2F%2Fregistry.nlark.com%2Fdebug%2Fdownload%2Fdebug-4.3.2.tgz"
    integrity sha1-8KScGKyHeeMdSgxgKd+3aHPHQos=
    dependencies:
      ms "2.1.2"
  
  doctypes@^1.1.0:
    version "1.1.0"
    resolved "https://registry.npm.taobao.org/doctypes/download/doctypes-1.1.0.tgz"
    integrity sha1-6oCxBqh1OHdOijpKWv4pPeSJ4Kk=
  
  dom-align@^1.12.1:
    version "1.12.2"
    resolved "https://registry.nlark.com/dom-align/download/dom-align-1.12.2.tgz"
    integrity sha1-D4Fk69DJwhsMeQMQSTzYVYkqzUs=
  
  dom-scroll-into-view@^2.0.0:
    version "2.0.1"
    resolved "https://registry.npm.taobao.org/dom-scroll-into-view/download/dom-scroll-into-view-2.0.1.tgz"
    integrity sha1-DezIUigB/Y0/HGujVadNOCxfmJs=
  
  dom-serializer@^1.0.1:
    version "1.3.2"
    resolved "https://registry.nlark.com/dom-serializer/download/dom-serializer-1.3.2.tgz?cache=0&sync_timestamp=1621256830355&other_urls=https%3A%2F%2Fregistry.nlark.com%2Fdom-serializer%2Fdownload%2Fdom-serializer-1.3.2.tgz"
    integrity sha1-YgZDfTLO767HFhgDIwx6ILwbTZE=
    dependencies:
      domelementtype "^2.0.1"
      domhandler "^4.2.0"
      entities "^2.0.0"
  
  domelementtype@^2.0.1, domelementtype@^2.2.0:
    version "2.2.0"
    resolved "https://registry.npm.taobao.org/domelementtype/download/domelementtype-2.2.0.tgz?cache=0&sync_timestamp=1617298545989&other_urls=https%3A%2F%2Fregistry.npm.taobao.org%2Fdomelementtype%2Fdownload%2Fdomelementtype-2.2.0.tgz"
    integrity sha1-mgtsJ4LtahxzI9QiZxg9+b2LHVc=
  
  domhandler@^4.0.0, domhandler@^4.2.0:
    version "4.2.2"
    resolved "https://registry.nlark.com/domhandler/download/domhandler-4.2.2.tgz"
    integrity sha1-6CXXIdGahrjCAaNSZOImxnjudV8=
    dependencies:
      domelementtype "^2.2.0"
  
  domutils@^2.5.2:
    version "2.8.0"
    resolved "https://registry.nlark.com/domutils/download/domutils-2.8.0.tgz?cache=0&sync_timestamp=1630106606599&other_urls=https%3A%2F%2Fregistry.nlark.com%2Fdomutils%2Fdownload%2Fdomutils-2.8.0.tgz"
    integrity sha1-RDfe9dtuLR9dbuhZvZXKfQIEgTU=
    dependencies:
      dom-serializer "^1.0.1"
      domelementtype "^2.2.0"
      domhandler "^4.2.0"
  
  dot-case@^3.0.4:
    version "3.0.4"
    resolved "https://registry.npm.taobao.org/dot-case/download/dot-case-3.0.4.tgz"
    integrity sha1-mytnDQCkMWZ6inW6Kc0bmICc51E=
    dependencies:
      no-case "^3.0.4"
      tslib "^2.0.3"
  
  emmet@^2.3.0:
    version "2.3.4"
    resolved "https://registry.nlark.com/emmet/download/emmet-2.3.4.tgz"
    integrity sha1-W6DXpVaaaMdpffqJDHcuTzF50SM=
    dependencies:
      "@emmetio/abbreviation" "^2.2.2"
      "@emmetio/css-abbreviation" "^2.1.4"
  
  entities@^2.0.0:
    version "2.2.0"
    resolved "https://registry.nlark.com/entities/download/entities-2.2.0.tgz"
    integrity sha1-CY3JDruD2N/6CJ1VJWs1HTTE2lU=
  
  errno@^0.1.1:
    version "0.1.8"
    resolved "https://registry.npm.taobao.org/errno/download/errno-0.1.8.tgz"
    integrity sha1-i7Ppx9Rjvkl2/4iPdrSAnrwugR8=
    dependencies:
      prr "~1.0.1"
  
  es-module-lexer@^0.7.1:
    version "0.7.1"
    resolved "https://registry.nlark.com/es-module-lexer/download/es-module-lexer-0.7.1.tgz?cache=0&sync_timestamp=1632013002926&other_urls=https%3A%2F%2Fregistry.nlark.com%2Fes-module-lexer%2Fdownload%2Fes-module-lexer-0.7.1.tgz"
    integrity sha1-wsjg9G8t8GJ0za8N0/OzPgoLJn0=
  
  esbuild@^0.12.17:
    version "0.12.29"
    resolved "https://registry.npmmirror.com/esbuild/download/esbuild-0.12.29.tgz"
    integrity sha1-vmAtt8TceJRKnb3g0eoZ02wfiC0=
  
  estree-walker@^2.0.1, estree-walker@^2.0.2:
    version "2.0.2"
    resolved "https://registry.npm.taobao.org/estree-walker/download/estree-walker-2.0.2.tgz"
    integrity sha1-UvAQF4wqTBF6d1fP6UKtt9LaTKw=
  
  fast-glob@^3.2.5, fast-glob@^3.2.7:
    version "3.2.7"
    resolved "https://registry.nlark.com/fast-glob/download/fast-glob-3.2.7.tgz"
    integrity sha1-/Wy3otfpqnp4RhEehaGW1rL3ZqE=
    dependencies:
      "@nodelib/fs.stat" "^2.0.2"
      "@nodelib/fs.walk" "^1.2.3"
      glob-parent "^5.1.2"
      merge2 "^1.3.0"
      micromatch "^4.0.4"
  
  fastq@^1.6.0:
    version "1.13.0"
    resolved "https://registry.nlark.com/fastq/download/fastq-1.13.0.tgz"
    integrity sha1-YWdg+Ip1Jr38WWt8q4wYk4w2uYw=
    dependencies:
      reusify "^1.0.4"
  
  fill-range@^7.0.1:
    version "7.0.1"
    resolved "https://registry.nlark.com/fill-range/download/fill-range-7.0.1.tgz"
    integrity sha1-GRmmp8df44ssfHflGYU12prN2kA=
    dependencies:
      to-regex-range "^5.0.1"
  
  fs-extra@^10.0.0:
    version "10.0.0"
    resolved "https://registry.nlark.com/fs-extra/download/fs-extra-10.0.0.tgz"
    integrity sha1-n/YbZV3eU/s0qC34S7IUzoAuF8E=
    dependencies:
      graceful-fs "^4.2.0"
      jsonfile "^6.0.1"
      universalify "^2.0.0"
  
  fsevents@~2.3.2:
    version "2.3.2"
    resolved "https://registry.npmjs.org/fsevents/-/fsevents-2.3.2.tgz#8a526f78b8fdf4623b709e0b975c52c24c02fd1a"
    integrity sha512-xiqMQR4xAeHTuB9uWm+fFRcIOgKBMiOBP+eXiyT7jsgVCq1bkVygt00oASowB7EdtpOHaaPgKt812P9ab+DDKA==
  
  function-bind@^1.1.1:
    version "1.1.1"
    resolved "https://registry.nlark.com/function-bind/download/function-bind-1.1.1.tgz"
    integrity sha1-pWiZ0+o8m6uHS7l3O3xe3pL0iV0=
  
  get-intrinsic@^1.0.2:
    version "1.1.1"
    resolved "https://registry.nlark.com/get-intrinsic/download/get-intrinsic-1.1.1.tgz"
    integrity sha1-FfWfN2+FXERpY5SPDSTNNje0q8Y=
    dependencies:
      function-bind "^1.1.1"
      has "^1.0.3"
      has-symbols "^1.0.1"
  
  glob-parent@^5.1.2, glob-parent@~5.1.2:
    version "5.1.2"
    resolved "https://registry.nlark.com/glob-parent/download/glob-parent-5.1.2.tgz?cache=0&sync_timestamp=1626760200164&other_urls=https%3A%2F%2Fregistry.nlark.com%2Fglob-parent%2Fdownload%2Fglob-parent-5.1.2.tgz"
    integrity sha1-hpgyxYA0/mikCTwX3BXoNA2EAcQ=
    dependencies:
      is-glob "^4.0.1"
  
  graceful-fs@^4.1.2, graceful-fs@^4.1.6, graceful-fs@^4.2.0:
    version "4.2.8"
    resolved "https://registry.nlark.com/graceful-fs/download/graceful-fs-4.2.8.tgz?cache=0&sync_timestamp=1628194078324&other_urls=https%3A%2F%2Fregistry.nlark.com%2Fgraceful-fs%2Fdownload%2Fgraceful-fs-4.2.8.tgz"
    integrity sha1-5BK40z9eAGWTy9PO5t+fLOu+gCo=
  
  has-pkg@^0.0.1:
    version "0.0.1"
    resolved "https://registry.nlark.com/has-pkg/download/has-pkg-0.0.1.tgz"
    integrity sha1-+dkTntg+JIferl60rBMYKi6QOFc=
  
  has-symbols@^1.0.1, has-symbols@^1.0.2:
    version "1.0.2"
    resolved "https://registry.nlark.com/has-symbols/download/has-symbols-1.0.2.tgz"
    integrity sha1-Fl0wcMADCXUqEjakeTMeOsVvFCM=
  
  has-tostringtag@^1.0.0:
    version "1.0.0"
    resolved "https://registry.nlark.com/has-tostringtag/download/has-tostringtag-1.0.0.tgz?cache=0&sync_timestamp=1628196402801&other_urls=https%3A%2F%2Fregistry.nlark.com%2Fhas-tostringtag%2Fdownload%2Fhas-tostringtag-1.0.0.tgz"
    integrity sha1-fhM4GKfTlHNPlB5zw9P5KR5liyU=
    dependencies:
      has-symbols "^1.0.2"
  
  has@^1.0.3:
    version "1.0.3"
    resolved "https://registry.nlark.com/has/download/has-1.0.3.tgz"
    integrity sha1-ci18v8H2qoJB8W3YFOAR4fQeh5Y=
    dependencies:
      function-bind "^1.1.1"
  
  header-case@^2.0.4:
    version "2.0.4"
    resolved "https://registry.npm.taobao.org/header-case/download/header-case-2.0.4.tgz"
    integrity sha1-WkLmO1UXc0nPQFvrjXdayruSwGM=
    dependencies:
      capital-case "^1.0.4"
      tslib "^2.0.3"
  
  htmlparser2@^6.1.0:
    version "6.1.0"
    resolved "https://registry.nlark.com/htmlparser2/download/htmlparser2-6.1.0.tgz?cache=0&sync_timestamp=1631386311915&other_urls=https%3A%2F%2Fregistry.nlark.com%2Fhtmlparser2%2Fdownload%2Fhtmlparser2-6.1.0.tgz"
    integrity sha1-xNditsM3GgXb5l6UrkOp+EX7j7c=
    dependencies:
      domelementtype "^2.0.1"
      domhandler "^4.0.0"
      domutils "^2.5.2"
      entities "^2.0.0"
  
  iconv-lite@^0.4.4:
    version "0.4.24"
    resolved "https://registry.nlark.com/iconv-lite/download/iconv-lite-0.4.24.tgz"
    integrity sha1-ICK0sl+93CHS9SSXSkdKr+czkIs=
    dependencies:
      safer-buffer ">= 2.1.2 < 3"
  
  image-size@~0.5.0:
    version "0.5.5"
    resolved "https://registry.nlark.com/image-size/download/image-size-0.5.5.tgz"
    integrity sha1-Cd/Uq50g4p6xw+gLiZA3jfnjy5w=
  
  is-binary-path@~2.1.0:
    version "2.1.0"
    resolved "https://registry.nlark.com/is-binary-path/download/is-binary-path-2.1.0.tgz"
    integrity sha1-6h9/O4DwZCNug0cPhsCcJU+0Wwk=
    dependencies:
      binary-extensions "^2.0.0"
  
  is-core-module@^2.2.0:
    version "2.6.0"
    resolved "https://registry.nlark.com/is-core-module/download/is-core-module-2.6.0.tgz?cache=0&sync_timestamp=1629224656971&other_urls=https%3A%2F%2Fregistry.nlark.com%2Fis-core-module%2Fdownload%2Fis-core-module-2.6.0.tgz"
    integrity sha1-11U7JSb+Wbkro+QMjfdX7Ipwnhk=
    dependencies:
      has "^1.0.3"
  
  is-expression@^4.0.0:
    version "4.0.0"
    resolved "https://registry.npm.taobao.org/is-expression/download/is-expression-4.0.0.tgz"
    integrity sha1-wzFVliq/IdCv0lUlFNZ9LsFv0qs=
    dependencies:
      acorn "^7.1.1"
      object-assign "^4.1.1"
  
  is-extglob@^2.1.1:
    version "2.1.1"
    resolved "https://registry.nlark.com/is-extglob/download/is-extglob-2.1.1.tgz"
    integrity sha1-qIwCU1eR8C7TfHahueqXc8gz+MI=
  
  is-glob@^4.0.1, is-glob@~4.0.1:
    version "4.0.2"
    resolved "https://registry.npmmirror.com/is-glob/download/is-glob-4.0.2.tgz?cache=0&sync_timestamp=1632695986952&other_urls=https%3A%2F%2Fregistry.npmmirror.com%2Fis-glob%2Fdownload%2Fis-glob-4.0.2.tgz"
    integrity sha1-hZ/C5zHljJAvmfyrzLdafdB9Kdg=
    dependencies:
      is-extglob "^2.1.1"
  
  is-number@^7.0.0:
    version "7.0.0"
    resolved "https://registry.nlark.com/is-number/download/is-number-7.0.0.tgz"
    integrity sha1-dTU0W4lnNNX4DE0GxQlVUnoU8Ss=
  
  is-plain-object@3.0.1:
    version "3.0.1"
    resolved "https://registry.npm.taobao.org/is-plain-object/download/is-plain-object-3.0.1.tgz"
    integrity sha1-Zi2S0kwKpDAkB7DUXSHyJRyF+Fs=
  
  is-promise@^2.0.0:
    version "2.2.2"
    resolved "https://registry.nlark.com/is-promise/download/is-promise-2.2.2.tgz"
    integrity sha1-OauVnMv5p3TPB597QMeib3YxNfE=
  
  is-regex@^1.0.3:
    version "1.1.4"
    resolved "https://registry.nlark.com/is-regex/download/is-regex-1.1.4.tgz?cache=0&sync_timestamp=1628221853554&other_urls=https%3A%2F%2Fregistry.nlark.com%2Fis-regex%2Fdownload%2Fis-regex-1.1.4.tgz"
    integrity sha1-7vVmPNWfpMCuM5UFMj32hUuxWVg=
    dependencies:
      call-bind "^1.0.2"
      has-tostringtag "^1.0.0"
  
  is-what@^3.12.0:
    version "3.14.1"
    resolved "https://registry.nlark.com/is-what/download/is-what-3.14.1.tgz"
    integrity sha1-4SIvRt3ahd6tD9HJ3xMXYOd3VcE=
  
  js-stringify@^1.0.2:
    version "1.0.2"
    resolved "https://registry.nlark.com/js-stringify/download/js-stringify-1.0.2.tgz"
    integrity sha1-Fzb939lyTyijaCrcYjCufk6Weds=
  
  "js-tokens@^3.0.0 || ^4.0.0":
    version "4.0.0"
    resolved "https://registry.nlark.com/js-tokens/download/js-tokens-4.0.0.tgz?cache=0&sync_timestamp=1619345098261&other_urls=https%3A%2F%2Fregistry.nlark.com%2Fjs-tokens%2Fdownload%2Fjs-tokens-4.0.0.tgz"
    integrity sha1-GSA/tZmR35jjoocFDUZHzerzJJk=
  
  jsonc-parser@^2.3.0:
    version "2.3.1"
    resolved "https://registry.nlark.com/jsonc-parser/download/jsonc-parser-2.3.1.tgz"
    integrity sha1-WVSRULEz8u+sykj+nOHsBlmvI0I=
  
  jsonc-parser@^3.0.0:
    version "3.0.0"
    resolved "https://registry.nlark.com/jsonc-parser/download/jsonc-parser-3.0.0.tgz"
    integrity sha1-q914VwHH5+rKip7IzwcMpRp0WiI=
  
  jsonfile@^6.0.1:
    version "6.1.0"
    resolved "https://registry.nlark.com/jsonfile/download/jsonfile-6.1.0.tgz"
    integrity sha1-vFWyY0eTxnnsZAMJTrE2mKbsCq4=
    dependencies:
      universalify "^2.0.0"
    optionalDependencies:
      graceful-fs "^4.1.6"
  
  jstransformer@1.0.0:
    version "1.0.0"
    resolved "https://registry.nlark.com/jstransformer/download/jstransformer-1.0.0.tgz"
    integrity sha1-7Yvwkh4vPx7U1cGkT2hwntJHIsM=
    dependencies:
      is-promise "^2.0.0"
      promise "^7.0.1"
  
  less@^4.1.1:
    version "4.1.1"
    resolved "https://registry.npm.taobao.org/less/download/less-4.1.1.tgz"
    integrity sha1-Fb8lOpk5eR3GkIiMP/Qk8+bH7bo=
    dependencies:
      copy-anything "^2.0.1"
      parse-node-version "^1.0.1"
      tslib "^1.10.0"
    optionalDependencies:
      errno "^0.1.1"
      graceful-fs "^4.1.2"
      image-size "~0.5.0"
      make-dir "^2.1.0"
      mime "^1.4.1"
      needle "^2.5.2"
      source-map "~0.6.0"
  
  lodash-es@^4.17.15:
    version "4.17.21"
    resolved "https://registry.nlark.com/lodash-es/download/lodash-es-4.17.21.tgz"
    integrity sha1-Q+YmxG5lkbd1C+srUBFzkMYJ4+4=
  
  lodash@^4.17.15, lodash@^4.17.21:
    version "4.17.21"
    resolved "https://registry.nlark.com/lodash/download/lodash-4.17.21.tgz"
    integrity sha1-Z5WRxWTDv/quhFTPCz3zcMPWkRw=
  
  loose-envify@^1.0.0:
    version "1.4.0"
    resolved "https://registry.nlark.com/loose-envify/download/loose-envify-1.4.0.tgz"
    integrity sha1-ce5R+nvkyuwaY4OffmgtgTLTDK8=
    dependencies:
      js-tokens "^3.0.0 || ^4.0.0"
  
  lower-case@^2.0.2:
    version "2.0.2"
    resolved "https://registry.npm.taobao.org/lower-case/download/lower-case-2.0.2.tgz"
    integrity sha1-b6I3xj29xKgsoP2ILkci3F5jTig=
    dependencies:
      tslib "^2.0.3"
  
  lru-cache@^6.0.0:
    version "6.0.0"
    resolved "https://registry.nlark.com/lru-cache/download/lru-cache-6.0.0.tgz"
    integrity sha1-bW/mVw69lqr5D8rR2vo7JWbbOpQ=
    dependencies:
      yallist "^4.0.0"
  
  magic-string@^0.25.7:
    version "0.25.7"
    resolved "https://registry.nlark.com/magic-string/download/magic-string-0.25.7.tgz?cache=0&sync_timestamp=1618847046304&other_urls=https%3A%2F%2Fregistry.nlark.com%2Fmagic-string%2Fdownload%2Fmagic-string-0.25.7.tgz"
    integrity sha1-P0l9b9NMZpxnmNy4IfLvMfVEUFE=
    dependencies:
      sourcemap-codec "^1.4.4"
  
  make-dir@^2.1.0:
    version "2.1.0"
    resolved "https://registry.npm.taobao.org/make-dir/download/make-dir-2.1.0.tgz"
    integrity sha1-XwMQ4YuL6JjMBwCSlaMK5B6R5vU=
    dependencies:
      pify "^4.0.1"
      semver "^5.6.0"
  
  merge2@^1.3.0:
    version "1.4.1"
    resolved "https://registry.npm.taobao.org/merge2/download/merge2-1.4.1.tgz"
    integrity sha1-Q2iJL4hekHRVpv19xVwMnUBJkK4=
  
  micromatch@^4.0.4:
    version "4.0.4"
    resolved "https://registry.nlark.com/micromatch/download/micromatch-4.0.4.tgz"
    integrity sha1-iW1Rnf6dsl/OlM63pQCRm/iB6/k=
    dependencies:
      braces "^3.0.1"
      picomatch "^2.2.3"
  
  mime@^1.4.1:
    version "1.6.0"
    resolved "https://registry.npm.taobao.org/mime/download/mime-1.6.0.tgz?cache=0&sync_timestamp=1615984369368&other_urls=https%3A%2F%2Fregistry.npm.taobao.org%2Fmime%2Fdownload%2Fmime-1.6.0.tgz"
    integrity sha1-Ms2eXGRVO9WNGaVor0Uqz/BJgbE=
  
  minimatch@^3.0.4:
    version "3.0.4"
    resolved "https://registry.npm.taobao.org/minimatch/download/minimatch-3.0.4.tgz"
    integrity sha1-UWbihkV/AzBgZL5Ul+jbsMPTIIM=
    dependencies:
      brace-expansion "^1.1.7"
  
  mkdirp@^1.0.4:
    version "1.0.4"
    resolved "https://registry.npm.taobao.org/mkdirp/download/mkdirp-1.0.4.tgz"
    integrity sha1-PrXtYmInVteaXw4qIh3+utdcL34=
  
  moment@^2.27.0:
    version "2.29.1"
    resolved "https://registry.nlark.com/moment/download/moment-2.29.1.tgz"
    integrity sha1-sr52n6MZQL6e7qZGnAdeNQBvo9M=
  
  ms@2.1.2:
    version "2.1.2"
    resolved "https://registry.nlark.com/ms/download/ms-2.1.2.tgz"
    integrity sha1-0J0fNXtEP0kzgqjrPM0YOHKuYAk=
  
  ms@^2.1.1:
    version "2.1.3"
    resolved "https://registry.nlark.com/ms/download/ms-2.1.3.tgz"
    integrity sha1-V0yBOM4dK1hh8LRFedut1gxmFbI=
  
  nanocolors@^0.2.2:
    version "0.2.9"
    resolved "https://registry.npmmirror.com/nanocolors/download/nanocolors-0.2.9.tgz?cache=0&sync_timestamp=1632653764388&other_urls=https%3A%2F%2Fregistry.npmmirror.com%2Fnanocolors%2Fdownload%2Fnanocolors-0.2.9.tgz"
    integrity sha1-MZxeenNXGr1g5NJzFQwsuVAXrFs=
  
  nanoid@^3.1.25:
    version "3.1.28"
    resolved "https://registry.npmmirror.com/nanoid/download/nanoid-3.1.28.tgz?cache=0&sync_timestamp=1632644927774&other_urls=https%3A%2F%2Fregistry.npmmirror.com%2Fnanoid%2Fdownload%2Fnanoid-3.1.28.tgz"
    integrity sha1-PAG6wUy2xWgFaQFMxlovJkJMa9Q=
  
  nanopop@^2.1.0:
    version "2.1.0"
    resolved "https://registry.npm.taobao.org/nanopop/download/nanopop-2.1.0.tgz"
    integrity sha1-I0dlE87iQFiIr9LopLVAZrcLnmA=
  
  needle@^2.5.2:
    version "2.9.1"
    resolved "https://registry.nlark.com/needle/download/needle-2.9.1.tgz?cache=0&sync_timestamp=1630674795023&other_urls=https%3A%2F%2Fregistry.nlark.com%2Fneedle%2Fdownload%2Fneedle-2.9.1.tgz"
    integrity sha1-ItHf++NJDCuD4wH3cJtnNs2PJoQ=
    dependencies:
      debug "^3.2.6"
      iconv-lite "^0.4.4"
      sax "^1.2.4"
  
  no-case@^3.0.4:
    version "3.0.4"
    resolved "https://registry.nlark.com/no-case/download/no-case-3.0.4.tgz"
    integrity sha1-02H9XJgA9VhVGoNp/A3NRmK2Ek0=
    dependencies:
      lower-case "^2.0.2"
      tslib "^2.0.3"
  
  normalize-path@^3.0.0, normalize-path@~3.0.0:
    version "3.0.0"
    resolved "https://registry.npm.taobao.org/normalize-path/download/normalize-path-3.0.0.tgz"
    integrity sha1-Dc1p/yOhybEf0JeDFmRKA4ghamU=
  
  object-assign@^4.1.1:
    version "4.1.1"
    resolved "https://registry.nlark.com/object-assign/download/object-assign-4.1.1.tgz?cache=0&sync_timestamp=1618847043548&other_urls=https%3A%2F%2Fregistry.nlark.com%2Fobject-assign%2Fdownload%2Fobject-assign-4.1.1.tgz"
    integrity sha1-IQmtx5ZYh8/AXLvUQsrIv7s2CGM=
  
  omit.js@^2.0.0:
    version "2.0.2"
    resolved "https://registry.npm.taobao.org/omit.js/download/omit.js-2.0.2.tgz"
    integrity sha1-3ZuENvq5R6Xz/yFMslOGMeMT7C8=
  
  param-case@^3.0.4:
    version "3.0.4"
    resolved "https://registry.nlark.com/param-case/download/param-case-3.0.4.tgz"
    integrity sha1-fRf+SqEr3jTUp32RrPtiGcqtAcU=
    dependencies:
      dot-case "^3.0.4"
      tslib "^2.0.3"
  
  parse-node-version@^1.0.1:
    version "1.0.1"
    resolved "https://registry.npm.taobao.org/parse-node-version/download/parse-node-version-1.0.1.tgz"
    integrity sha1-4rXb7eAOf6m8NjYH9TMn6LBzGJs=
  
  pascal-case@^3.1.2:
    version "3.1.2"
    resolved "https://registry.nlark.com/pascal-case/download/pascal-case-3.1.2.tgz"
    integrity sha1-tI4O8rmOIF58Ha50fQsVCCN2YOs=
    dependencies:
      no-case "^3.0.4"
      tslib "^2.0.3"
  
  path-browserify@^1.0.1:
    version "1.0.1"
    resolved "https://registry.nlark.com/path-browserify/download/path-browserify-1.0.1.tgz"
    integrity sha1-2YRUqcN1PVeQhg8W9ohnueRr4f0=
  
  path-case@^3.0.4:
    version "3.0.4"
    resolved "https://registry.nlark.com/path-case/download/path-case-3.0.4.tgz"
    integrity sha1-kWhkUzTrlCZYN1xW+AtMDLX4LG8=
    dependencies:
      dot-case "^3.0.4"
      tslib "^2.0.3"
  
  path-parse@^1.0.6:
    version "1.0.7"
    resolved "https://registry.nlark.com/path-parse/download/path-parse-1.0.7.tgz"
    integrity sha1-+8EUtgykKzDZ2vWFjkvWi77bZzU=
  
  picomatch@^2.0.4, picomatch@^2.2.1, picomatch@^2.2.2, picomatch@^2.2.3:
    version "2.3.0"
    resolved "https://registry.nlark.com/picomatch/download/picomatch-2.3.0.tgz?cache=0&sync_timestamp=1621648246651&other_urls=https%3A%2F%2Fregistry.nlark.com%2Fpicomatch%2Fdownload%2Fpicomatch-2.3.0.tgz"
    integrity sha1-8fBh3o9qS/AiiS4tEoI0+5gwKXI=
  
  pify@^4.0.1:
    version "4.0.1"
    resolved "https://registry.npm.taobao.org/pify/download/pify-4.0.1.tgz"
    integrity sha1-SyzSXFDVmHNcUCkiJP2MbfQeMjE=
  
  postcss@^8.1.10, postcss@^8.3.6:
    version "8.3.8"
    resolved "https://registry.npmmirror.com/postcss/download/postcss-8.3.8.tgz?cache=0&sync_timestamp=1632555261973&other_urls=https%3A%2F%2Fregistry.npmmirror.com%2Fpostcss%2Fdownload%2Fpostcss-8.3.8.tgz"
    integrity sha1-nr4qEnOWtLRXCun3dw5/uD2yusE=
    dependencies:
      nanocolors "^0.2.2"
      nanoid "^3.1.25"
      source-map-js "^0.6.2"
  
  promise@^7.0.1:
    version "7.3.1"
    resolved "https://registry.nlark.com/promise/download/promise-7.3.1.tgz"
    integrity sha1-BktyYCsY+Q8pGSuLG8QY/9Hr078=
    dependencies:
      asap "~2.0.3"
  
  prr@~1.0.1:
    version "1.0.1"
    resolved "https://registry.nlark.com/prr/download/prr-1.0.1.tgz"
    integrity sha1-0/wRS6BplaRexok/SEzrHXj19HY=
  
  pug-attrs@^3.0.0:
    version "3.0.0"
    resolved "https://registry.npm.taobao.org/pug-attrs/download/pug-attrs-3.0.0.tgz"
    integrity sha1-sQRR4DSBZeMfrRzCPr3dncc0fEE=
    dependencies:
      constantinople "^4.0.1"
      js-stringify "^1.0.2"
      pug-runtime "^3.0.0"
  
  pug-code-gen@^3.0.2:
    version "3.0.2"
    resolved "https://registry.npm.taobao.org/pug-code-gen/download/pug-code-gen-3.0.2.tgz"
    integrity sha1-rRkPSUMTO/GGtguA3kgxAOEy4s4=
    dependencies:
      constantinople "^4.0.1"
      doctypes "^1.1.0"
      js-stringify "^1.0.2"
      pug-attrs "^3.0.0"
      pug-error "^2.0.0"
      pug-runtime "^3.0.0"
      void-elements "^3.1.0"
      with "^7.0.0"
  
  pug-error@^2.0.0:
    version "2.0.0"
    resolved "https://registry.nlark.com/pug-error/download/pug-error-2.0.0.tgz"
    integrity sha1-XGIXPLCcNN4qLOBPF7it/sdNjKU=
  
  pug-filters@^4.0.0:
    version "4.0.0"
    resolved "https://registry.npm.taobao.org/pug-filters/download/pug-filters-4.0.0.tgz"
    integrity sha1-0+Sa9bqEcum3pm2YDnB86dLMm14=
    dependencies:
      constantinople "^4.0.1"
      jstransformer "1.0.0"
      pug-error "^2.0.0"
      pug-walk "^2.0.0"
      resolve "^1.15.1"
  
  pug-lexer@^5.0.1:
    version "5.0.1"
    resolved "https://registry.npm.taobao.org/pug-lexer/download/pug-lexer-5.0.1.tgz"
    integrity sha1-rkRijFvvmxkLZlaDsojKkCS4sNU=
    dependencies:
      character-parser "^2.2.0"
      is-expression "^4.0.0"
      pug-error "^2.0.0"
  
  pug-linker@^4.0.0:
    version "4.0.0"
    resolved "https://registry.npm.taobao.org/pug-linker/download/pug-linker-4.0.0.tgz"
    integrity sha1-EsvAWU/Fo+Brn8Web5PBRpYqdwg=
    dependencies:
      pug-error "^2.0.0"
      pug-walk "^2.0.0"
  
  pug-load@^3.0.0:
    version "3.0.0"
    resolved "https://registry.npm.taobao.org/pug-load/download/pug-load-3.0.0.tgz"
    integrity sha1-n9nNpSICsIrbEdJWgfufNL1BtmI=
    dependencies:
      object-assign "^4.1.1"
      pug-walk "^2.0.0"
  
  pug-parser@^6.0.0:
    version "6.0.0"
    resolved "https://registry.npm.taobao.org/pug-parser/download/pug-parser-6.0.0.tgz"
    integrity sha1-qP3ANYY6lbLB3F6/Ts+AtOdqEmA=
    dependencies:
      pug-error "^2.0.0"
      token-stream "1.0.0"
  
  pug-runtime@^3.0.0, pug-runtime@^3.0.1:
    version "3.0.1"
    resolved "https://registry.npm.taobao.org/pug-runtime/download/pug-runtime-3.0.1.tgz"
    integrity sha1-9jaXYgRyPzWoxfb61qzaKhkbg9c=
  
  pug-strip-comments@^2.0.0:
    version "2.0.0"
    resolved "https://registry.npm.taobao.org/pug-strip-comments/download/pug-strip-comments-2.0.0.tgz"
    integrity sha1-+UsH/WtJVSMzD0kKf1VLT/h2MD4=
    dependencies:
      pug-error "^2.0.0"
  
  pug-walk@^2.0.0:
    version "2.0.0"
    resolved "https://registry.npm.taobao.org/pug-walk/download/pug-walk-2.0.0.tgz"
    integrity sha1-QXqrwpIyu0SZtbUGmistKiTV9f4=
  
  pug@^3.0.2:
    version "3.0.2"
    resolved "https://registry.npm.taobao.org/pug/download/pug-3.0.2.tgz"
    integrity sha1-81xxBzQ0VOQ7wnrg/3bHMbeOpTU=
    dependencies:
      pug-code-gen "^3.0.2"
      pug-filters "^4.0.0"
      pug-lexer "^5.0.1"
      pug-linker "^4.0.0"
      pug-load "^3.0.0"
      pug-parser "^6.0.0"
      pug-runtime "^3.0.1"
      pug-strip-comments "^2.0.0"
  
  queue-microtask@^1.2.2:
    version "1.2.3"
    resolved "https://registry.nlark.com/queue-microtask/download/queue-microtask-1.2.3.tgz"
    integrity sha1-SSkii7xyTfrEPg77BYyve2z7YkM=
  
  readdirp@~3.6.0:
    version "3.6.0"
    resolved "https://registry.nlark.com/readdirp/download/readdirp-3.6.0.tgz"
    integrity sha1-dKNwvYVxFuJFspzJc0DNQxoCpsc=
    dependencies:
      picomatch "^2.2.1"
  
  regenerator-runtime@^0.13.4:
    version "0.13.9"
    resolved "https://registry.nlark.com/regenerator-runtime/download/regenerator-runtime-0.13.9.tgz?cache=0&sync_timestamp=1626993001371&other_urls=https%3A%2F%2Fregistry.nlark.com%2Fregenerator-runtime%2Fdownload%2Fregenerator-runtime-0.13.9.tgz"
    integrity sha1-iSV0Kpj/2QgUmI11Zq0wyjsmO1I=
  
  request-light@^0.5.4:
    version "0.5.4"
    resolved "https://registry.nlark.com/request-light/download/request-light-0.5.4.tgz"
    integrity sha1-SXqYxtiuSVNkF6Xi1/ODuTTz44w=
  
  resize-observer-polyfill@^1.5.1:
    version "1.5.1"
    resolved "https://registry.nlark.com/resize-observer-polyfill/download/resize-observer-polyfill-1.5.1.tgz"
    integrity sha1-DpAg3T0hAkRY1OvSfiPkAmmBBGQ=
  
  resolve@^1.15.1, resolve@^1.20.0:
    version "1.20.0"
    resolved "https://registry.nlark.com/resolve/download/resolve-1.20.0.tgz"
    integrity sha1-YpoBP7P3B1XW8LeTXMHCxTeLGXU=
    dependencies:
      is-core-module "^2.2.0"
      path-parse "^1.0.6"
  
  reusify@^1.0.4:
    version "1.0.4"
    resolved "https://registry.nlark.com/reusify/download/reusify-1.0.4.tgz"
    integrity sha1-kNo4Kx4SbvwCFG6QhFqI2xKSXXY=
  
  rollup@^2.38.5:
    version "2.57.0"
    resolved "https://registry.nlark.com/rollup/download/rollup-2.57.0.tgz?cache=0&sync_timestamp=1632286474389&other_urls=https%3A%2F%2Fregistry.nlark.com%2Frollup%2Fdownload%2Frollup-2.57.0.tgz"
    integrity sha1-wWlEdesi4QIkd8D0Y1/QrIBxMXM=
    optionalDependencies:
      fsevents "~2.3.2"
  
  run-parallel@^1.1.9:
    version "1.2.0"
    resolved "https://registry.npm.taobao.org/run-parallel/download/run-parallel-1.2.0.tgz"
    integrity sha1-ZtE2jae9+SHrnZW9GpIp5/IaQ+4=
    dependencies:
      queue-microtask "^1.2.2"
  
  "safer-buffer@>= 2.1.2 < 3":
    version "2.1.2"
    resolved "https://registry.nlark.com/safer-buffer/download/safer-buffer-2.1.2.tgz"
    integrity sha1-RPoWGwGHuVSd2Eu5GAL5vYOFzWo=
  
  sax@^1.2.4:
    version "1.2.4"
    resolved "https://registry.npm.taobao.org/sax/download/sax-1.2.4.tgz"
    integrity sha1-KBYjTiN4vdxOU1T6tcqold9xANk=
  
  scroll-into-view-if-needed@^2.2.25:
    version "2.2.28"
    resolved "https://registry.nlark.com/scroll-into-view-if-needed/download/scroll-into-view-if-needed-2.2.28.tgz"
    integrity sha1-WhWy9YpSZCyIyOylhGROAXA9ZFo=
    dependencies:
      compute-scroll-into-view "^1.0.17"
  
  semver@^5.6.0:
    version "5.7.1"
    resolved "https://registry.nlark.com/semver/download/semver-5.7.1.tgz?cache=0&sync_timestamp=1618847119601&other_urls=https%3A%2F%2Fregistry.nlark.com%2Fsemver%2Fdownload%2Fsemver-5.7.1.tgz"
    integrity sha1-qVT5Ma66UI0we78Gnv8MAclhFvc=
  
  semver@^7.3.5:
    version "7.3.5"
    resolved "https://registry.nlark.com/semver/download/semver-7.3.5.tgz?cache=0&sync_timestamp=1618847119601&other_urls=https%3A%2F%2Fregistry.nlark.com%2Fsemver%2Fdownload%2Fsemver-7.3.5.tgz"
    integrity sha1-C2Ich5NI2JmOSw5L6Us/EuYBjvc=
    dependencies:
      lru-cache "^6.0.0"
  
  sentence-case@^3.0.4:
    version "3.0.4"
    resolved "https://registry.nlark.com/sentence-case/download/sentence-case-3.0.4.tgz"
    integrity sha1-NkWnuMEXx4f96HAgViJbtipFEx8=
    dependencies:
      no-case "^3.0.4"
      tslib "^2.0.3"
      upper-case-first "^2.0.2"
  
  shallow-equal@^1.0.0:
    version "1.2.1"
    resolved "https://registry.nlark.com/shallow-equal/download/shallow-equal-1.2.1.tgz"
    integrity sha1-TBar+lYEOqINBQMk76aJQLDaedo=
  
  snake-case@^3.0.4:
    version "3.0.4"
    resolved "https://registry.nlark.com/snake-case/download/snake-case-3.0.4.tgz"
    integrity sha1-Tyu9Vo6ZNavf1ZPzTGkdrbScRSw=
    dependencies:
      dot-case "^3.0.4"
      tslib "^2.0.3"
  
  source-map-js@^0.6.2:
    version "0.6.2"
    resolved "https://registry.npm.taobao.org/source-map-js/download/source-map-js-0.6.2.tgz"
    integrity sha1-C7XeYxtBz72mz7qL0FqA79/SOF4=
  
  source-map@^0.6.1, source-map@~0.6.0:
    version "0.6.1"
    resolved "https://registry.nlark.com/source-map/download/source-map-0.6.1.tgz"
    integrity sha1-dHIq8y6WFOnCh6jQu95IteLxomM=
  
  sourcemap-codec@^1.4.4:
    version "1.4.8"
    resolved "https://registry.nlark.com/sourcemap-codec/download/sourcemap-codec-1.4.8.tgz"
    integrity sha1-6oBL2UhXQC5pktBaOO8a41qatMQ=
  
  to-fast-properties@^2.0.0:
    version "2.0.0"
    resolved "https://registry.nlark.com/to-fast-properties/download/to-fast-properties-2.0.0.tgz?cache=0&sync_timestamp=1628418893613&other_urls=https%3A%2F%2Fregistry.nlark.com%2Fto-fast-properties%2Fdownload%2Fto-fast-properties-2.0.0.tgz"
    integrity sha1-3F5pjL0HkmW8c+A3doGk5Og/YW4=
  
  to-regex-range@^5.0.1:
    version "5.0.1"
    resolved "https://registry.nlark.com/to-regex-range/download/to-regex-range-5.0.1.tgz"
    integrity sha1-FkjESq58jZiKMmAY7XL1tN0DkuQ=
    dependencies:
      is-number "^7.0.0"
  
  token-stream@1.0.0:
    version "1.0.0"
    resolved "https://registry.npm.taobao.org/token-stream/download/token-stream-1.0.0.tgz"
    integrity sha1-zCAOqyYT9BZtJ/+a/HylbUnfbrQ=
  
  ts-morph@^11.0.3:
    version "11.0.3"
    resolved "https://registry.nlark.com/ts-morph/download/ts-morph-11.0.3.tgz"
    integrity sha1-AakrPCtaSMzfMY7JCGQim4Bh0FY=
    dependencies:
      "@ts-morph/common" "~0.10.1"
      code-block-writer "^10.1.1"
  
  tslib@^1.10.0:
    version "1.14.1"
    resolved "https://registry.nlark.com/tslib/download/tslib-1.14.1.tgz?cache=0&sync_timestamp=1628722556410&other_urls=https%3A%2F%2Fregistry.nlark.com%2Ftslib%2Fdownload%2Ftslib-1.14.1.tgz"
    integrity sha1-zy04vcNKE0vK8QkcQfZhni9nLQA=
  
  tslib@^2.0.3:
    version "2.3.1"
    resolved "https://registry.nlark.com/tslib/download/tslib-2.3.1.tgz?cache=0&sync_timestamp=1628722556410&other_urls=https%3A%2F%2Fregistry.nlark.com%2Ftslib%2Fdownload%2Ftslib-2.3.1.tgz"
    integrity sha1-6KM1rdXOrlGqJh0ypJAVjvBC7wE=
  
  typescript@^4.4.3:
    version "4.4.3"
    resolved "https://registry.npmmirror.com/typescript/download/typescript-4.4.3.tgz?cache=0&other_urls=https%3A%2F%2Fregistry.npmmirror.com%2Ftypescript%2Fdownload%2Ftypescript-4.4.3.tgz"
    integrity sha1-vcVAfKorEJ79T4L+EwZW+XeikyQ=
  
  universalify@^2.0.0:
    version "2.0.0"
    resolved "https://registry.nlark.com/universalify/download/universalify-2.0.0.tgz"
    integrity sha1-daSYTv7cSwiXXFrrc/Uw0C3yVxc=
  
  unplugin-vue-components@^0.15.4:
    version "0.15.4"
    resolved "https://registry.npmmirror.com/unplugin-vue-components/download/unplugin-vue-components-0.15.4.tgz"
    integrity sha1-8ahPgvgUsjpSH/LWRpyvtkL4Yvg=
    dependencies:
      "@antfu/utils" "^0.3.0"
      "@rollup/pluginutils" "^4.1.1"
      chokidar "^3.5.2"
      debug "^4.3.2"
      fast-glob "^3.2.7"
      has-pkg "^0.0.1"
      magic-string "^0.25.7"
      minimatch "^3.0.4"
      resolve "^1.20.0"
      unplugin "^0.2.13"
  
  unplugin@^0.2.13:
    version "0.2.16"
    resolved "https://registry.npmmirror.com/unplugin/download/unplugin-0.2.16.tgz?cache=0&other_urls=https%3A%2F%2Fregistry.npmmirror.com%2Funplugin%2Fdownload%2Funplugin-0.2.16.tgz"
    integrity sha1-bzTp9QaMo+ySo2sBb0e1rYu4dco=
    dependencies:
      webpack-virtual-modules "^0.4.3"
  
  upath@^2.0.1:
    version "2.0.1"
    resolved "https://registry.npm.taobao.org/upath/download/upath-2.0.1.tgz"
    integrity sha1-UMc96mjW9rmQ9R0nnOYIFmXWGos=
  
  upper-case-first@^2.0.2:
    version "2.0.2"
    resolved "https://registry.npm.taobao.org/upper-case-first/download/upper-case-first-2.0.2.tgz"
    integrity sha1-mSwyc/iCq9GdHgKJTMFHEX+EQyQ=
    dependencies:
      tslib "^2.0.3"
  
  upper-case@^2.0.2:
    version "2.0.2"
    resolved "https://registry.nlark.com/upper-case/download/upper-case-2.0.2.tgz"
    integrity sha1-2JgQgj+qsd8VSbfZenb4Ziuub3o=
    dependencies:
      tslib "^2.0.3"
  
  vite-plugin-dts@^0.8.1:
    version "0.8.1"
    resolved "https://registry.nlark.com/vite-plugin-dts/download/vite-plugin-dts-0.8.1.tgz"
    integrity sha1-pkqTOZ7J0tYkSFFaIE4FLtTqqQQ=
    dependencies:
      fast-glob "^3.2.7"
      fs-extra "^10.0.0"
      ts-morph "^11.0.3"
  
  vite-plugin-style-import@^1.2.1:
    version "1.2.1"
    resolved "https://registry.nlark.com/vite-plugin-style-import/download/vite-plugin-style-import-1.2.1.tgz"
    integrity sha1-cwx7Dh9h7WhZdP4J0tUJSFhJG+Y=
    dependencies:
      "@rollup/pluginutils" "^4.1.1"
      change-case "^4.1.2"
      debug "^4.3.2"
      es-module-lexer "^0.7.1"
      magic-string "^0.25.7"
  
  vite@^2.5.10:
    version "2.5.10"
    resolved "https://registry.npmmirror.com/vite/download/vite-2.5.10.tgz"
    integrity sha1-xZjjtafhlW/8Uus7NCDRd/wu0qU=
    dependencies:
      esbuild "^0.12.17"
      postcss "^8.3.6"
      resolve "^1.20.0"
      rollup "^2.38.5"
    optionalDependencies:
      fsevents "~2.3.2"
  
  void-elements@^3.1.0:
    version "3.1.0"
    resolved "https://registry.npm.taobao.org/void-elements/download/void-elements-3.1.0.tgz"
    integrity sha1-YU9/v42AHwu18GYfWy9XhXUOTwk=
  
  vscode-css-languageservice@^5.1.4:
    version "5.1.5"
    resolved "https://registry.nlark.com/vscode-css-languageservice/download/vscode-css-languageservice-5.1.5.tgz?cache=0&sync_timestamp=1631172639143&other_urls=https%3A%2F%2Fregistry.nlark.com%2Fvscode-css-languageservice%2Fdownload%2Fvscode-css-languageservice-5.1.5.tgz"
    integrity sha1-QAsvY6T3PGD1sK/EjEeMGzJrJ8Y=
    dependencies:
      vscode-languageserver-textdocument "^1.0.1"
      vscode-languageserver-types "^3.16.0"
      vscode-nls "^5.0.0"
      vscode-uri "^3.0.2"
  
  vscode-html-languageservice@^4.0.7:
    version "4.0.8"
    resolved "https://registry.nlark.com/vscode-html-languageservice/download/vscode-html-languageservice-4.0.8.tgz"
    integrity sha1-lCm6zOMkTc/LOnFykD8ztvQY2zs=
    dependencies:
      vscode-languageserver-textdocument "^1.0.1"
      vscode-languageserver-types "^3.16.0"
      vscode-nls "^5.0.0"
      vscode-uri "^3.0.2"
  
  vscode-json-languageservice@^4.1.7:
    version "4.1.7"
    resolved "https://registry.nlark.com/vscode-json-languageservice/download/vscode-json-languageservice-4.1.7.tgz"
    integrity sha1-GCRNYrEVpYGMdSbvQzlDi3F136o=
    dependencies:
      jsonc-parser "^3.0.0"
      vscode-languageserver-textdocument "^1.0.1"
      vscode-languageserver-types "^3.16.0"
      vscode-nls "^5.0.0"
      vscode-uri "^3.0.2"
  
  vscode-jsonrpc@8.0.0-next.2, vscode-jsonrpc@^8.0.0-next.2:
    version "8.0.0-next.2"
    resolved "https://registry.nlark.com/vscode-jsonrpc/download/vscode-jsonrpc-8.0.0-next.2.tgz?cache=0&sync_timestamp=1628514354370&other_urls=https%3A%2F%2Fregistry.nlark.com%2Fvscode-jsonrpc%2Fdownload%2Fvscode-jsonrpc-8.0.0-next.2.tgz"
    integrity sha1-KF/ClL5YbkdorNZ+WkLvxzilysA=
  
  vscode-languageserver-protocol@3.17.0-next.8:
    version "3.17.0-next.8"
    resolved "https://registry.nlark.com/vscode-languageserver-protocol/download/vscode-languageserver-protocol-3.17.0-next.8.tgz?cache=0&other_urls=https%3A%2F%2Fregistry.nlark.com%2Fvscode-languageserver-protocol%2Fdownload%2Fvscode-languageserver-protocol-3.17.0-next.8.tgz"
    integrity sha1-7y63QjtHTMzRE4QjneJEiOf+gYw=
    dependencies:
      vscode-jsonrpc "8.0.0-next.2"
      vscode-languageserver-types "3.17.0-next.3"
  
  vscode-languageserver-textdocument@^1.0.1:
    version "1.0.1"
    resolved "https://registry.npm.taobao.org/vscode-languageserver-textdocument/download/vscode-languageserver-textdocument-1.0.1.tgz"
    integrity sha1-F4Fo6H761hcbNyrdHeo09T5dMw8=
  
  vscode-languageserver-types@3.17.0-next.3:
    version "3.17.0-next.3"
    resolved "https://registry.nlark.com/vscode-languageserver-types/download/vscode-languageserver-types-3.17.0-next.3.tgz?cache=0&sync_timestamp=1625834451077&other_urls=https%3A%2F%2Fregistry.nlark.com%2Fvscode-languageserver-types%2Fdownload%2Fvscode-languageserver-types-3.17.0-next.3.tgz"
    integrity sha1-4fQxHgjqMZPoESYVS2o0L8HD26M=
  
  vscode-languageserver-types@^3.15.1, vscode-languageserver-types@^3.16.0:
    version "3.16.0"
    resolved "https://registry.nlark.com/vscode-languageserver-types/download/vscode-languageserver-types-3.16.0.tgz?cache=0&sync_timestamp=1625834451077&other_urls=https%3A%2F%2Fregistry.nlark.com%2Fvscode-languageserver-types%2Fdownload%2Fvscode-languageserver-types-3.16.0.tgz"
    integrity sha1-7POT/BIexpdLLaPvsxVWRMUU4kc=
  
  vscode-languageserver@^8.0.0-next.2:
    version "8.0.0-next.2"
    resolved "https://registry.nlark.com/vscode-languageserver/download/vscode-languageserver-8.0.0-next.2.tgz?cache=0&other_urls=https%3A%2F%2Fregistry.nlark.com%2Fvscode-languageserver%2Fdownload%2Fvscode-languageserver-8.0.0-next.2.tgz"
    integrity sha1-Oj2vef8QNQ6pzsXHO1MCkBqVURc=
    dependencies:
      vscode-languageserver-protocol "3.17.0-next.8"
  
  vscode-nls@^5.0.0:
    version "5.0.0"
    resolved "https://registry.npm.taobao.org/vscode-nls/download/vscode-nls-5.0.0.tgz"
    integrity sha1-mfDaC9nqfNpE5WWnTFSx8rwleEA=
  
  vscode-pug-languageservice@^0.27.24:
    version "0.27.24"
    resolved "https://registry.npmmirror.com/vscode-pug-languageservice/download/vscode-pug-languageservice-0.27.24.tgz?cache=0&sync_timestamp=1632377710352&other_urls=https%3A%2F%2Fregistry.npmmirror.com%2Fvscode-pug-languageservice%2Fdownload%2Fvscode-pug-languageservice-0.27.24.tgz"
    integrity sha1-+oBcTT4z3uNoHmYKB2cTZzjmg3A=
    dependencies:
      "@volar/code-gen" "^0.27.24"
      "@volar/shared" "^0.27.24"
      "@volar/source-map" "^0.27.24"
      "@volar/transforms" "^0.27.24"
      pug-lexer "^5.0.1"
      pug-parser "^6.0.0"
      vscode-languageserver "^8.0.0-next.2"
  
  vscode-typescript-languageservice@^0.27.25:
    version "0.27.25"
    resolved "https://registry.npmmirror.com/vscode-typescript-languageservice/download/vscode-typescript-languageservice-0.27.25.tgz?cache=0&sync_timestamp=1632628555909&other_urls=https%3A%2F%2Fregistry.npmmirror.com%2Fvscode-typescript-languageservice%2Fdownload%2Fvscode-typescript-languageservice-0.27.25.tgz"
    integrity sha1-rNIRcjtgAQjCVRU4i3XVXOFbsFY=
    dependencies:
      "@volar/shared" "^0.27.24"
      semver "^7.3.5"
      upath "^2.0.1"
      vscode-languageserver "^8.0.0-next.2"
      vscode-languageserver-textdocument "^1.0.1"
  
  vscode-uri@^2.1.2:
    version "2.1.2"
    resolved "https://registry.npm.taobao.org/vscode-uri/download/vscode-uri-2.1.2.tgz"
    integrity sha1-yNQN6T61evMfPHFd1lDiyiwJbxw=
  
  vscode-uri@^3.0.2:
    version "3.0.2"
    resolved "https://registry.npm.taobao.org/vscode-uri/download/vscode-uri-3.0.2.tgz"
    integrity sha1-7P0dBmy470w6II3s26uajCPQVdA=
  
  vscode-vue-languageservice@^0.27.0:
    version "0.27.25"
    resolved "https://registry.npmmirror.com/vscode-vue-languageservice/download/vscode-vue-languageservice-0.27.25.tgz?cache=0&sync_timestamp=1632628556503&other_urls=https%3A%2F%2Fregistry.npmmirror.com%2Fvscode-vue-languageservice%2Fdownload%2Fvscode-vue-languageservice-0.27.25.tgz"
    integrity sha1-VBAtPKOfxHNmn7Gm0xU5G9E7JLI=
    dependencies:
      "@volar/code-gen" "^0.27.24"
      "@volar/html2pug" "^0.27.13"
      "@volar/shared" "^0.27.24"
      "@volar/source-map" "^0.27.24"
      "@volar/transforms" "^0.27.24"
      "@vscode/emmet-helper" "^2.7.0"
      "@vue/compiler-dom" "^3.2.19"
      "@vue/reactivity" "^3.2.19"
      "@vue/shared" "^3.2.19"
      request-light "^0.5.4"
      upath "^2.0.1"
      vscode-css-languageservice "^5.1.4"
      vscode-html-languageservice "^4.0.7"
      vscode-json-languageservice "^4.1.7"
      vscode-languageserver "^8.0.0-next.2"
      vscode-languageserver-textdocument "^1.0.1"
      vscode-pug-languageservice "^0.27.24"
      vscode-typescript-languageservice "^0.27.25"
  
  vue-tsc@^0.3.0:
    version "0.3.0"
    resolved "https://registry.nlark.com/vue-tsc/download/vue-tsc-0.3.0.tgz"
    integrity sha1-Ozhyv08dLkQJtXrb2CYDLiU9tAY=
    dependencies:
      vscode-vue-languageservice "^0.27.0"
  
  vue-types@^3.0.0:
    version "3.0.2"
    resolved "https://registry.nlark.com/vue-types/download/vue-types-3.0.2.tgz?cache=0&sync_timestamp=1631095271024&other_urls=https%3A%2F%2Fregistry.nlark.com%2Fvue-types%2Fdownload%2Fvue-types-3.0.2.tgz"
    integrity sha1-7BbgXUEsA4Ji/B76TOuWR+f7YB0=
    dependencies:
      is-plain-object "3.0.1"
  
  vue@^3.2.13:
    version "3.2.19"
    resolved "https://registry.npmmirror.com/vue/download/vue-3.2.19.tgz?cache=0&other_urls=https%3A%2F%2Fregistry.npmmirror.com%2Fvue%2Fdownload%2Fvue-3.2.19.tgz"
    integrity sha1-2iyApqAnHHCX/unjFpKt/Z1WnI8=
    dependencies:
      "@vue/compiler-dom" "3.2.19"
      "@vue/compiler-sfc" "3.2.19"
      "@vue/runtime-dom" "3.2.19"
      "@vue/server-renderer" "3.2.19"
      "@vue/shared" "3.2.19"
  
  warning@^4.0.0:
    version "4.0.3"
    resolved "https://registry.nlark.com/warning/download/warning-4.0.3.tgz"
    integrity sha1-Fungd+uKhtavfWSqHgX9hbRnjKM=
    dependencies:
      loose-envify "^1.0.0"
  
  webpack-virtual-modules@^0.4.3:
    version "0.4.3"
    resolved "https://registry.nlark.com/webpack-virtual-modules/download/webpack-virtual-modules-0.4.3.tgz?cache=0&sync_timestamp=1620993523325&other_urls=https%3A%2F%2Fregistry.nlark.com%2Fwebpack-virtual-modules%2Fdownload%2Fwebpack-virtual-modules-0.4.3.tgz"
    integrity sha1-zVl8bVHVpey0c+6hmDpY+ooX3tk=
  
  with@^7.0.0:
    version "7.0.2"
    resolved "https://registry.npm.taobao.org/with/download/with-7.0.2.tgz"
    integrity sha1-zO461ULSVTinp6gKrSErmChJW6w=
    dependencies:
      "@babel/parser" "^7.9.6"
      "@babel/types" "^7.9.6"
      assert-never "^1.2.1"
      babel-walk "3.0.0-canary-5"
  
  yallist@^4.0.0:
    version "4.0.0"
    resolved "https://registry.nlark.com/yallist/download/yallist-4.0.0.tgz?cache=0&sync_timestamp=1622604530774&other_urls=https%3A%2F%2Fregistry.nlark.com%2Fyallist%2Fdownload%2Fyallist-4.0.0.tgz"
    integrity sha1-m7knkNnA7/7GO+c1GeEaNQGaOnI=
